#
# A fatal error has been detected by the Java Runtime Environment:
#
#  EXCEPTION_ACCESS_VIOLATION (0xc0000005) at pc=0x00007ff9e55100aa, pid=15332, tid=4604
#
# JRE version: Java(TM) SE Runtime Environment (18.0.1.1+2) (build 18.0.1.1+2-6)
# Java VM: Java HotSpot(TM) 64-Bit Server VM (18.0.1.1+2-6, mixed mode, sharing, tiered, compressed oops, compressed class ptrs, g1 gc, windows-amd64)
# Problematic frame:
# V  [jvm.dll+0x7600aa]
#
# No core dump will be written. Minidumps are not enabled by default on client versions of Windows
#
# If you would like to submit a bug report, please visit:
#   https://bugreport.java.com/bugreport/crash.jsp
#

---------------  S U M M A R Y ------------

Command Line: -XX:+ShowCodeDetailsInExceptionMessages -agentlib:jdwp=transport=dt_socket,suspend=y,address=localhost:50439 -javaagent:C:\Users\Naveen\eclipse\java-2023-06\eclipse\configuration\org.eclipse.osgi\248\0\.cp\lib\javaagent-shaded.jar -Dfile.encoding=windows-1252 compareandcomparabe.TestEx1

Host: Intel(R) Core(TM) i5-1035G1 CPU @ 1.00GHz, 8 cores, 7G,  Windows 11 , 64 bit Build 22621 (10.0.22621.2506)
Time: Thu Dec 28 11:57:21 2023 India Standard Time elapsed time: 3650.097435 seconds (0d 1h 0m 50s)

---------------  T H R E A D  ---------------

Current thread (0x000002017b10b9a0):  JavaThread "JDWP Transport Listener: dt_socket" daemon [_thread_in_vm, id=4604, stack(0x0000005508f00000,0x0000005509000000)]

Stack: [0x0000005508f00000,0x0000005509000000],  sp=0x0000005508fff710,  free space=1021k
Native frames: (J=compiled Java code, j=interpreted, Vv=VM code, C=native code)
V  [jvm.dll+0x7600aa]
V  [jvm.dll+0x52bfcc]
V  [jvm.dll+0x4f37db]
C  [jdwp.dll+0x23087]


siginfo: EXCEPTION_ACCESS_VIOLATION (0xc0000005), reading address 0x00000000002a002d


Register to memory mapping:

RIP=0x00007ff9e55100aa jvm.dll
RAX=0x0000000000000047 is an unknown value
RBX=0x0000020176d3e58e points into unknown readable memory: 00 63
RCX=0x00000000002a0029 is an unknown value
RDX=0x000002017b883620 points into unknown readable memory: 0x657261706d6f634c | 4c 63 6f 6d 70 61 72 65
RSP=0x0000005508fff710 is pointing into the stack for thread: 0x000002017b10b9a0
RBP=0x000002017b111780 points into unknown readable memory: 0x0000000000000002 | 02 00 00 00 00 00 00 00
RSI=0x0 is NULL
RDI=0xffffffffffffffff is an unknown value
R8 =0x0000000000000045 is an unknown value
R9 =0x0000000000000040 is an unknown value
R10=0x0000000000000040 is an unknown value
R11=0x0000005508fff730 is pointing into the stack for thread: 0x000002017b10b9a0
R12=0x0000005508fff868 is pointing into the stack for thread: 0x000002017b10b9a0
R13=0x0 is NULL
R14=0x0000000800c085f0 is a pointer to class: 
compareandcomparabe.Student {0x0000000800c085f8}
 - instance size:     3
 - klass size:        74
 - access:            public synchronized 
 - state:             fully_initialized
 - name:              'compareandcomparabe/Student'
 - super:             'java/lang/Object'
 - sub:               
 - arrays:            'compareandcomparabe/Student'[]
 - methods:           Array<T>(0x0000020177441d70)
 - method ordering:   Array<T>(0x0000020177443fa8)
 - default_methods:   Array<T>(0x0000000000000000)
 - local interfaces:  Array<T>(0x0000020177441d30)
 - trans. interfaces: Array<T>(0x0000020177441d30)
 - constants:         constant pool [77] {0x0000020177445d98} for 'compareandcomparabe/Student' cache=0x00000201774447c0
 - class loader data:  loader data: 0x000002017b076c40 for instance a 'jdk/internal/loader/ClassLoaders$AppClassLoader'{0x000000008af66768}
 - source file:       'Student.java'
 - source debug extension:       SMAP
Student.java
Java
*S jdt
*F
1 Student.java
2 file:/E:/WorkSpace3/learn/bin/
*L
*E

 - class annotations:       Array<T>(0x0000000000000000)
 - class type annotations:  Array<T>(0x0000000000000000)
 - field annotations:       Array<T>(0x0000000000000000)
 - field type annotations:  Array<T>(0x0000000000000000)
 - previous version:  constant pool [77] {0x0000020177442cc0} for 'compareandcomparabe/Student' (extra) cache=0x0000020177443fd8
 - generic signature: '
[error occurred during error reporting (printing register info), id 0xc0000005, EXCEPTION_ACCESS_VIOLATION (0xc0000005) at pc=0x00007ff9e5510cb6]

Registers:
RAX=0x0000000000000047, RBX=0x0000020176d3e58e, RCX=0x00000000002a0029, RDX=0x000002017b883620
RSP=0x0000005508fff710, RBP=0x000002017b111780, RSI=0x0000000000000000, RDI=0xffffffffffffffff
R8 =0x0000000000000045, R9 =0x0000000000000040, R10=0x0000000000000040, R11=0x0000005508fff730
R12=0x0000005508fff868, R13=0x0000000000000000, R14=0x0000000800c085f0, R15=0x0000005508fff8b8
RIP=0x00007ff9e55100aa, EFLAGS=0x0000000000010202

Top of Stack: (sp=0x0000005508fff710)
0x0000005508fff710:   000000000000001b 0000000800c085f0
0x0000005508fff720:   000002017b10b9a0 0000000000000000
0x0000005508fff730:   ffffffffffffffff 00007ff9e52dbfcc
0x0000005508fff740:   0000020176d3e58e 000002017b111780
0x0000005508fff750:   0000000000000000 000002017b10bc30
0x0000005508fff760:   0000020176d3e540 00000000000003d8
0x0000005508fff770:   0000020176d3e550 0000020176d3e928
0x0000005508fff780:   0000000000000002 0000005508fff868
0x0000005508fff790:   0000000000000000 0000000000000000
0x0000005508fff7a0:   000000008aad6418 00007ff9e52a37db
0x0000005508fff7b0:   000002017b10b9a0 0000005508fff8b8
0x0000005508fff7c0:   0000020158c6adb0 0000005508fff8b8
0x0000005508fff7d0:   000002017b10b9a0 0000000000000000
0x0000005508fff7e0:   0000020100000000 0000000000000000
0x0000005508fff7f0:   000000000000000d 00007ffa4cce3087
0x0000005508fff800:   0000005508fff8b0 00007ffa4ccf1718 

Instructions: (pc=0x00007ff9e55100aa)
0x00007ff9e550ffaa:   48 8b f8 48 85 db 74 08 48 8b cb e8 86 b0 f0 ff
0x00007ff9e550ffba:   48 8b 5c 24 30 48 8b c7 48 83 c4 20 5f c3 8d 42
0x00007ff9e550ffca:   06 83 ff 02 b9 08 00 00 00 0f 4e c1 45 33 c0 48
0x00007ff9e550ffda:   63 c8 48 83 c1 07 83 e1 f8 48 63 c9 41 8d 50 0b
0x00007ff9e550ffea:   48 83 c4 20 5f e9 3c 31 95 ff cc cc cc cc cc cc
0x00007ff9e550fffa:   cc cc cc cc cc cc 83 fa 02 8d 42 06 b9 08 00 00
0x00007ff9e551000a:   00 4d 8b c8 0f 4e c1 48 63 c8 49 8b 40 18 48 83
0x00007ff9e551001a:   c1 07 83 e1 f8 48 63 d1 49 8b 48 20 48 2b c8 48
0x00007ff9e551002a:   3b ca 72 09 48 8d 0c 10 49 89 48 18 c3 45 33 c0
0x00007ff9e551003a:   49 8b c9 e9 1e 8f 95 ff cc cc cc cc cc cc cc cc
0x00007ff9e551004a:   cc cc cc cc cc cc 4c 8b d2 4c 8b d9 45 85 c0 7e
0x00007ff9e551005a:   3c 44 0f b7 49 04 41 8d 40 ff 41 3b c1 44 0f 4c
0x00007ff9e551006a:   c8 4d 63 c1 45 85 c9 7e 1f 48 8b c2 4c 2b da 49
0x00007ff9e551007a:   8b d0 0f 1f 40 00 41 0f b6 4c 03 06 88 08 48 8d
0x00007ff9e551008a:   40 01 48 83 ea 01 75 ee 43 c6 04 10 00 49 8b c2
0x00007ff9e551009a:   c3 cc cc cc cc cc 48 89 5c 24 08 57 48 83 ec 20
0x00007ff9e55100aa:   0f b7 59 04 48 8b f9 33 d2 48 8d 4b 01 e8 b4 d6
0x00007ff9e55100ba:   f8 ff 0f b7 57 04 4c 8b c0 3b da 0f 42 d3 44 8b
0x00007ff9e55100ca:   ca 85 d2 74 39 48 2b f8 0f 1f 40 00 66 66 0f 1f
0x00007ff9e55100da:   84 00 00 00 00 00 0f b6 4c 07 06 88 08 48 ff c0
0x00007ff9e55100ea:   48 8b c8 49 2b c8 49 3b c9 7c eb 42 c6 04 02 00
0x00007ff9e55100fa:   49 8b c0 48 8b 5c 24 30 48 83 c4 20 5f c3 48 8b
0x00007ff9e551010a:   5c 24 30 c6 04 02 00 48 83 c4 20 5f c3 cc cc cc
0x00007ff9e551011a:   cc cc cc cc cc cc 4c 8b d1 45 85 c0 7e 6c 44 0f
0x00007ff9e551012a:   b7 49 04 41 8d 40 ff 41 3b c1 44 0f 4c c8 4d 63
0x00007ff9e551013a:   d9 45 85 c9 7e 22 48 8b ca 4c 2b d2 4d 8b c3 0f
0x00007ff9e551014a:   1f 80 00 00 00 00 41 0f b6 44 0a 06 88 01 48 8d
0x00007ff9e551015a:   49 01 49 83 e8 01 75 ee 41 c6 04 13 00 48 c7 c0
0x00007ff9e551016a:   ff ff ff ff 66 90 48 ff c0 80 3c 02 00 75 f7 48
0x00007ff9e551017a:   63 c8 85 c0 48 8b c2 7e 14 80 38 2f 75 03 c6 00
0x00007ff9e551018a:   2e 48 ff c0 48 83 e9 01 75 ef 48 8b c2 c3 cc cc
0x00007ff9e551019a:   cc cc cc cc cc cc 48 83 ec 28 e8 f7 fe ff ff 4c 


Stack slot to memory mapping:
stack at sp + 0 slots: 0x000000000000001b is an unknown value
stack at sp + 1 slots: 0x0000000800c085f0 is a pointer to class: 
compareandcomparabe.Student {0x0000000800c085f8}
 - instance size:     3
 - klass size:        74
 - access:            public synchronized 
 - state:             fully_initialized
 - name:              'compareandcomparabe/Student'
 - super:             'java/lang/Object'
 - sub:               
 - arrays:            'compareandcomparabe/Student'[]
 - methods:           Array<T>(0x0000020177441d70)
 - method ordering:   Array<T>(0x0000020177443fa8)
 - default_methods:   Array<T>(0x0000000000000000)
 - local interfaces:  Array<T>(0x0000020177441d30)
 - trans. interfaces: Array<T>(0x0000020177441d30)
 - constants:         constant pool [77] {0x0000020177445d98} for 'compareandcomparabe/Student' cache=0x00000201774447c0
 - class loader data:  loader data: 0x000002017b076c40 for instance a 'jdk/internal/loader/ClassLoaders$AppClassLoader'{0x000000008af66768}
 - source file:       'Student.java'
 - source debug extension:       SMAP
Student.java
Java
*S jdt
*F
1 Student.java
2 file:/E:/WorkSpace3/learn/bin/
*L
*E

 - class annotations:       Array<T>(0x0000000000000000)
 - class type annotations:  Array<T>(0x0000000000000000)
 - field annotations:       Array<T>(0x0000000000000000)
 - field type annotations:  Array<T>(0x0000000000000000)
 - previous version:  constant pool [77] {0x0000020177442cc0} for 'compareandcomparabe/Student' (extra) cache=0x0000020177443fd8
 - generic signature: '
[error occurred during error reporting (inspecting top of stack), id 0xc0000005, EXCEPTION_ACCESS_VIOLATION (0xc0000005) at pc=0x00007ff9e5510cb6]


---------------  P R O C E S S  ---------------

Threads class SMR info:
_java_thread_list=0x000002017b28ca20, length=15, elements={
0x0000020158c7e520, 0x0000020176d10ca0, 0x0000020176d11550, 0x0000020176d2bc70,
0x0000020176d2c520, 0x0000020176d2ede0, 0x0000020176d3aba0, 0x0000020176d3b780,
0x0000020176d3c070, 0x0000020176d4e950, 0x0000020176cfaab0, 0x000002017b10b9a0,
0x000002017b155410, 0x000002017b1558f0, 0x000002017b273ee0
}

Java Threads: ( => current thread )
  0x0000020158c7e520 JavaThread "main" [_thread_blocked, id=21660, stack(0x0000005507e00000,0x0000005507f00000)]
  0x0000020176d10ca0 JavaThread "Reference Handler" daemon [_thread_blocked, id=23220, stack(0x0000005508500000,0x0000005508600000)]
  0x0000020176d11550 JavaThread "Finalizer" daemon [_thread_blocked, id=24248, stack(0x0000005508600000,0x0000005508700000)]
  0x0000020176d2bc70 JavaThread "Signal Dispatcher" daemon [_thread_blocked, id=16076, stack(0x0000005508700000,0x0000005508800000)]
  0x0000020176d2c520 JavaThread "Attach Listener" daemon [_thread_blocked, id=11856, stack(0x0000005508800000,0x0000005508900000)]
  0x0000020176d2ede0 JavaThread "Service Thread" daemon [_thread_blocked, id=17560, stack(0x0000005508900000,0x0000005508a00000)]
  0x0000020176d3aba0 JavaThread "Monitor Deflation Thread" daemon [_thread_blocked, id=18080, stack(0x0000005508a00000,0x0000005508b00000)]
  0x0000020176d3b780 JavaThread "C2 CompilerThread0" daemon [_thread_blocked, id=16884, stack(0x0000005508b00000,0x0000005508c00000)]
  0x0000020176d3c070 JavaThread "C1 CompilerThread0" daemon [_thread_blocked, id=13196, stack(0x0000005508c00000,0x0000005508d00000)]
  0x0000020176d4e950 JavaThread "Sweeper thread" daemon [_thread_blocked, id=5040, stack(0x0000005508d00000,0x0000005508e00000)]
  0x0000020176cfaab0 JavaThread "Common-Cleaner" daemon [_thread_blocked, id=21408, stack(0x0000005508e00000,0x0000005508f00000)]
=>0x000002017b10b9a0 JavaThread "JDWP Transport Listener: dt_socket" daemon [_thread_in_vm, id=4604, stack(0x0000005508f00000,0x0000005509000000)]
  0x000002017b155410 JavaThread "JDWP Event Helper Thread" daemon [_thread_blocked, id=17836, stack(0x0000005509000000,0x0000005509100000)]
  0x000002017b1558f0 JavaThread "JDWP Command Reader" daemon [_thread_in_native, id=17024, stack(0x0000005509100000,0x0000005509200000)]
  0x000002017b273ee0 JavaThread "Notification Thread" daemon [_thread_blocked, id=1084, stack(0x0000005509200000,0x0000005509300000)]

Other Threads:
  0x0000020158d035f0 VMThread "VM Thread" [stack: 0x0000005508400000,0x0000005508500000] [id=16328]
  0x0000020158c7f190 WatcherThread "VM Periodic Task Thread" [stack: 0x0000005509300000,0x0000005509400000] [id=21640]
  0x0000020158cdc030 WorkerThread "GC Thread#0" [stack: 0x0000005507f00000,0x0000005508000000] [id=21884]
  0x0000020158ced930 ConcurrentGCThread "G1 Main Marker" [stack: 0x0000005508000000,0x0000005508100000] [id=2628]
  0x0000020158cefad0 WorkerThread "G1 Conc#0" [stack: 0x0000005508100000,0x0000005508200000] [id=2080]
  0x0000020158d3e4c0 ConcurrentGCThread "G1 Refine#0" [stack: 0x0000005508200000,0x0000005508300000] [id=17384]
  0x0000020176bc60b0 ConcurrentGCThread "G1 Service" [stack: 0x0000005508300000,0x0000005508400000] [id=15376]

Threads with active compile tasks:

VM state: not at safepoint (normal execution)

VM Mutex/Monitor currently owned by a thread: None

Heap address: 0x0000000083200000, size: 1998 MB, Compressed Oops mode: 32-bit

CDS archive(s) mapped at: [0x0000000800000000-0x0000000800ba0000-0x0000000800ba0000), size 12189696, SharedBaseAddress: 0x0000000800000000, ArchiveRelocationMode: 0.
Compressed class space mapped at: 0x0000000800c00000-0x0000000840c00000, reserved size: 1073741824
Narrow klass base: 0x0000000800000000, Narrow klass shift: 0, Narrow klass range: 0x100000000

GC Precious Log:
 CardTable entry size: 512
 Card Set container configuration: InlinePtr #cards 5 size 8 Array Of Cards #cards 12 size 40 Howl #buckets 4 coarsen threshold 1843 Howl Bitmap #cards 512 size 80 coarsen threshold 460 Card regions per heap region 1 cards per card region 2048
 CPUs: 8 total, 8 available
 Memory: 7987M
 Large Page Support: Disabled
 NUMA Support: Disabled
 Compressed Oops: Enabled (32-bit)
 Heap Region Size: 1M
 Heap Min Capacity: 8M
 Heap Initial Capacity: 126M
 Heap Max Capacity: 1998M
 Pre-touch: Disabled
 Parallel Workers: 8
 Concurrent Workers: 2
 Concurrent Refinement Workers: 8
 Periodic GC: Disabled

Heap:
 garbage-first heap   total 129024K, used 6144K [0x0000000083200000, 0x0000000100000000)
  region size 1024K, 7 young (7168K), 0 survivors (0K)
 Metaspace       used 2777K, committed 2944K, reserved 1114112K
  class space    used 241K, committed 320K, reserved 1048576K

Heap Regions: E=young(eden), S=young(survivor), O=old, HS=humongous(starts), HC=humongous(continues), CS=collection set, F=free, OA=open archive, CA=closed archive, TAMS=top-at-mark-start (previous, next)
|   0|0x0000000083200000, 0x0000000083200000, 0x0000000083300000|  0%| F|  |TAMS 0x0000000083200000, 0x0000000083200000| Untracked 
|   1|0x0000000083300000, 0x0000000083300000, 0x0000000083400000|  0%| F|  |TAMS 0x0000000083300000, 0x0000000083300000| Untracked 
|   2|0x0000000083400000, 0x0000000083400000, 0x0000000083500000|  0%| F|  |TAMS 0x0000000083400000, 0x0000000083400000| Untracked 
|   3|0x0000000083500000, 0x0000000083500000, 0x0000000083600000|  0%| F|  |TAMS 0x0000000083500000, 0x0000000083500000| Untracked 
|   4|0x0000000083600000, 0x0000000083600000, 0x0000000083700000|  0%| F|  |TAMS 0x0000000083600000, 0x0000000083600000| Untracked 
|   5|0x0000000083700000, 0x0000000083700000, 0x0000000083800000|  0%| F|  |TAMS 0x0000000083700000, 0x0000000083700000| Untracked 
|   6|0x0000000083800000, 0x0000000083800000, 0x0000000083900000|  0%| F|  |TAMS 0x0000000083800000, 0x0000000083800000| Untracked 
|   7|0x0000000083900000, 0x0000000083900000, 0x0000000083a00000|  0%| F|  |TAMS 0x0000000083900000, 0x0000000083900000| Untracked 
|   8|0x0000000083a00000, 0x0000000083a00000, 0x0000000083b00000|  0%| F|  |TAMS 0x0000000083a00000, 0x0000000083a00000| Untracked 
|   9|0x0000000083b00000, 0x0000000083b00000, 0x0000000083c00000|  0%| F|  |TAMS 0x0000000083b00000, 0x0000000083b00000| Untracked 
|  10|0x0000000083c00000, 0x0000000083c00000, 0x0000000083d00000|  0%| F|  |TAMS 0x0000000083c00000, 0x0000000083c00000| Untracked 
|  11|0x0000000083d00000, 0x0000000083d00000, 0x0000000083e00000|  0%| F|  |TAMS 0x0000000083d00000, 0x0000000083d00000| Untracked 
|  12|0x0000000083e00000, 0x0000000083e00000, 0x0000000083f00000|  0%| F|  |TAMS 0x0000000083e00000, 0x0000000083e00000| Untracked 
|  13|0x0000000083f00000, 0x0000000083f00000, 0x0000000084000000|  0%| F|  |TAMS 0x0000000083f00000, 0x0000000083f00000| Untracked 
|  14|0x0000000084000000, 0x0000000084000000, 0x0000000084100000|  0%| F|  |TAMS 0x0000000084000000, 0x0000000084000000| Untracked 
|  15|0x0000000084100000, 0x0000000084100000, 0x0000000084200000|  0%| F|  |TAMS 0x0000000084100000, 0x0000000084100000| Untracked 
|  16|0x0000000084200000, 0x0000000084200000, 0x0000000084300000|  0%| F|  |TAMS 0x0000000084200000, 0x0000000084200000| Untracked 
|  17|0x0000000084300000, 0x0000000084300000, 0x0000000084400000|  0%| F|  |TAMS 0x0000000084300000, 0x0000000084300000| Untracked 
|  18|0x0000000084400000, 0x0000000084400000, 0x0000000084500000|  0%| F|  |TAMS 0x0000000084400000, 0x0000000084400000| Untracked 
|  19|0x0000000084500000, 0x0000000084500000, 0x0000000084600000|  0%| F|  |TAMS 0x0000000084500000, 0x0000000084500000| Untracked 
|  20|0x0000000084600000, 0x0000000084600000, 0x0000000084700000|  0%| F|  |TAMS 0x0000000084600000, 0x0000000084600000| Untracked 
|  21|0x0000000084700000, 0x0000000084700000, 0x0000000084800000|  0%| F|  |TAMS 0x0000000084700000, 0x0000000084700000| Untracked 
|  22|0x0000000084800000, 0x0000000084800000, 0x0000000084900000|  0%| F|  |TAMS 0x0000000084800000, 0x0000000084800000| Untracked 
|  23|0x0000000084900000, 0x0000000084900000, 0x0000000084a00000|  0%| F|  |TAMS 0x0000000084900000, 0x0000000084900000| Untracked 
|  24|0x0000000084a00000, 0x0000000084a00000, 0x0000000084b00000|  0%| F|  |TAMS 0x0000000084a00000, 0x0000000084a00000| Untracked 
|  25|0x0000000084b00000, 0x0000000084b00000, 0x0000000084c00000|  0%| F|  |TAMS 0x0000000084b00000, 0x0000000084b00000| Untracked 
|  26|0x0000000084c00000, 0x0000000084c00000, 0x0000000084d00000|  0%| F|  |TAMS 0x0000000084c00000, 0x0000000084c00000| Untracked 
|  27|0x0000000084d00000, 0x0000000084d00000, 0x0000000084e00000|  0%| F|  |TAMS 0x0000000084d00000, 0x0000000084d00000| Untracked 
|  28|0x0000000084e00000, 0x0000000084e00000, 0x0000000084f00000|  0%| F|  |TAMS 0x0000000084e00000, 0x0000000084e00000| Untracked 
|  29|0x0000000084f00000, 0x0000000084f00000, 0x0000000085000000|  0%| F|  |TAMS 0x0000000084f00000, 0x0000000084f00000| Untracked 
|  30|0x0000000085000000, 0x0000000085000000, 0x0000000085100000|  0%| F|  |TAMS 0x0000000085000000, 0x0000000085000000| Untracked 
|  31|0x0000000085100000, 0x0000000085100000, 0x0000000085200000|  0%| F|  |TAMS 0x0000000085100000, 0x0000000085100000| Untracked 
|  32|0x0000000085200000, 0x0000000085200000, 0x0000000085300000|  0%| F|  |TAMS 0x0000000085200000, 0x0000000085200000| Untracked 
|  33|0x0000000085300000, 0x0000000085300000, 0x0000000085400000|  0%| F|  |TAMS 0x0000000085300000, 0x0000000085300000| Untracked 
|  34|0x0000000085400000, 0x0000000085400000, 0x0000000085500000|  0%| F|  |TAMS 0x0000000085400000, 0x0000000085400000| Untracked 
|  35|0x0000000085500000, 0x0000000085500000, 0x0000000085600000|  0%| F|  |TAMS 0x0000000085500000, 0x0000000085500000| Untracked 
|  36|0x0000000085600000, 0x0000000085600000, 0x0000000085700000|  0%| F|  |TAMS 0x0000000085600000, 0x0000000085600000| Untracked 
|  37|0x0000000085700000, 0x0000000085700000, 0x0000000085800000|  0%| F|  |TAMS 0x0000000085700000, 0x0000000085700000| Untracked 
|  38|0x0000000085800000, 0x0000000085800000, 0x0000000085900000|  0%| F|  |TAMS 0x0000000085800000, 0x0000000085800000| Untracked 
|  39|0x0000000085900000, 0x0000000085900000, 0x0000000085a00000|  0%| F|  |TAMS 0x0000000085900000, 0x0000000085900000| Untracked 
|  40|0x0000000085a00000, 0x0000000085a00000, 0x0000000085b00000|  0%| F|  |TAMS 0x0000000085a00000, 0x0000000085a00000| Untracked 
|  41|0x0000000085b00000, 0x0000000085b00000, 0x0000000085c00000|  0%| F|  |TAMS 0x0000000085b00000, 0x0000000085b00000| Untracked 
|  42|0x0000000085c00000, 0x0000000085c00000, 0x0000000085d00000|  0%| F|  |TAMS 0x0000000085c00000, 0x0000000085c00000| Untracked 
|  43|0x0000000085d00000, 0x0000000085d00000, 0x0000000085e00000|  0%| F|  |TAMS 0x0000000085d00000, 0x0000000085d00000| Untracked 
|  44|0x0000000085e00000, 0x0000000085e00000, 0x0000000085f00000|  0%| F|  |TAMS 0x0000000085e00000, 0x0000000085e00000| Untracked 
|  45|0x0000000085f00000, 0x0000000085f00000, 0x0000000086000000|  0%| F|  |TAMS 0x0000000085f00000, 0x0000000085f00000| Untracked 
|  46|0x0000000086000000, 0x0000000086000000, 0x0000000086100000|  0%| F|  |TAMS 0x0000000086000000, 0x0000000086000000| Untracked 
|  47|0x0000000086100000, 0x0000000086100000, 0x0000000086200000|  0%| F|  |TAMS 0x0000000086100000, 0x0000000086100000| Untracked 
|  48|0x0000000086200000, 0x0000000086200000, 0x0000000086300000|  0%| F|  |TAMS 0x0000000086200000, 0x0000000086200000| Untracked 
|  49|0x0000000086300000, 0x0000000086300000, 0x0000000086400000|  0%| F|  |TAMS 0x0000000086300000, 0x0000000086300000| Untracked 
|  50|0x0000000086400000, 0x0000000086400000, 0x0000000086500000|  0%| F|  |TAMS 0x0000000086400000, 0x0000000086400000| Untracked 
|  51|0x0000000086500000, 0x0000000086500000, 0x0000000086600000|  0%| F|  |TAMS 0x0000000086500000, 0x0000000086500000| Untracked 
|  52|0x0000000086600000, 0x0000000086600000, 0x0000000086700000|  0%| F|  |TAMS 0x0000000086600000, 0x0000000086600000| Untracked 
|  53|0x0000000086700000, 0x0000000086700000, 0x0000000086800000|  0%| F|  |TAMS 0x0000000086700000, 0x0000000086700000| Untracked 
|  54|0x0000000086800000, 0x0000000086800000, 0x0000000086900000|  0%| F|  |TAMS 0x0000000086800000, 0x0000000086800000| Untracked 
|  55|0x0000000086900000, 0x0000000086900000, 0x0000000086a00000|  0%| F|  |TAMS 0x0000000086900000, 0x0000000086900000| Untracked 
|  56|0x0000000086a00000, 0x0000000086a00000, 0x0000000086b00000|  0%| F|  |TAMS 0x0000000086a00000, 0x0000000086a00000| Untracked 
|  57|0x0000000086b00000, 0x0000000086b00000, 0x0000000086c00000|  0%| F|  |TAMS 0x0000000086b00000, 0x0000000086b00000| Untracked 
|  58|0x0000000086c00000, 0x0000000086c00000, 0x0000000086d00000|  0%| F|  |TAMS 0x0000000086c00000, 0x0000000086c00000| Untracked 
|  59|0x0000000086d00000, 0x0000000086d00000, 0x0000000086e00000|  0%| F|  |TAMS 0x0000000086d00000, 0x0000000086d00000| Untracked 
|  60|0x0000000086e00000, 0x0000000086e00000, 0x0000000086f00000|  0%| F|  |TAMS 0x0000000086e00000, 0x0000000086e00000| Untracked 
|  61|0x0000000086f00000, 0x0000000086f00000, 0x0000000087000000|  0%| F|  |TAMS 0x0000000086f00000, 0x0000000086f00000| Untracked 
|  62|0x0000000087000000, 0x0000000087000000, 0x0000000087100000|  0%| F|  |TAMS 0x0000000087000000, 0x0000000087000000| Untracked 
|  63|0x0000000087100000, 0x0000000087100000, 0x0000000087200000|  0%| F|  |TAMS 0x0000000087100000, 0x0000000087100000| Untracked 
|  64|0x0000000087200000, 0x0000000087200000, 0x0000000087300000|  0%| F|  |TAMS 0x0000000087200000, 0x0000000087200000| Untracked 
|  65|0x0000000087300000, 0x0000000087300000, 0x0000000087400000|  0%| F|  |TAMS 0x0000000087300000, 0x0000000087300000| Untracked 
|  66|0x0000000087400000, 0x0000000087400000, 0x0000000087500000|  0%| F|  |TAMS 0x0000000087400000, 0x0000000087400000| Untracked 
|  67|0x0000000087500000, 0x0000000087500000, 0x0000000087600000|  0%| F|  |TAMS 0x0000000087500000, 0x0000000087500000| Untracked 
|  68|0x0000000087600000, 0x0000000087600000, 0x0000000087700000|  0%| F|  |TAMS 0x0000000087600000, 0x0000000087600000| Untracked 
|  69|0x0000000087700000, 0x0000000087700000, 0x0000000087800000|  0%| F|  |TAMS 0x0000000087700000, 0x0000000087700000| Untracked 
|  70|0x0000000087800000, 0x0000000087800000, 0x0000000087900000|  0%| F|  |TAMS 0x0000000087800000, 0x0000000087800000| Untracked 
|  71|0x0000000087900000, 0x0000000087900000, 0x0000000087a00000|  0%| F|  |TAMS 0x0000000087900000, 0x0000000087900000| Untracked 
|  72|0x0000000087a00000, 0x0000000087a00000, 0x0000000087b00000|  0%| F|  |TAMS 0x0000000087a00000, 0x0000000087a00000| Untracked 
|  73|0x0000000087b00000, 0x0000000087b00000, 0x0000000087c00000|  0%| F|  |TAMS 0x0000000087b00000, 0x0000000087b00000| Untracked 
|  74|0x0000000087c00000, 0x0000000087c00000, 0x0000000087d00000|  0%| F|  |TAMS 0x0000000087c00000, 0x0000000087c00000| Untracked 
|  75|0x0000000087d00000, 0x0000000087d00000, 0x0000000087e00000|  0%| F|  |TAMS 0x0000000087d00000, 0x0000000087d00000| Untracked 
|  76|0x0000000087e00000, 0x0000000087e00000, 0x0000000087f00000|  0%| F|  |TAMS 0x0000000087e00000, 0x0000000087e00000| Untracked 
|  77|0x0000000087f00000, 0x0000000087f00000, 0x0000000088000000|  0%| F|  |TAMS 0x0000000087f00000, 0x0000000087f00000| Untracked 
|  78|0x0000000088000000, 0x0000000088000000, 0x0000000088100000|  0%| F|  |TAMS 0x0000000088000000, 0x0000000088000000| Untracked 
|  79|0x0000000088100000, 0x0000000088100000, 0x0000000088200000|  0%| F|  |TAMS 0x0000000088100000, 0x0000000088100000| Untracked 
|  80|0x0000000088200000, 0x0000000088200000, 0x0000000088300000|  0%| F|  |TAMS 0x0000000088200000, 0x0000000088200000| Untracked 
|  81|0x0000000088300000, 0x0000000088300000, 0x0000000088400000|  0%| F|  |TAMS 0x0000000088300000, 0x0000000088300000| Untracked 
|  82|0x0000000088400000, 0x0000000088400000, 0x0000000088500000|  0%| F|  |TAMS 0x0000000088400000, 0x0000000088400000| Untracked 
|  83|0x0000000088500000, 0x0000000088500000, 0x0000000088600000|  0%| F|  |TAMS 0x0000000088500000, 0x0000000088500000| Untracked 
|  84|0x0000000088600000, 0x0000000088600000, 0x0000000088700000|  0%| F|  |TAMS 0x0000000088600000, 0x0000000088600000| Untracked 
|  85|0x0000000088700000, 0x0000000088700000, 0x0000000088800000|  0%| F|  |TAMS 0x0000000088700000, 0x0000000088700000| Untracked 
|  86|0x0000000088800000, 0x0000000088800000, 0x0000000088900000|  0%| F|  |TAMS 0x0000000088800000, 0x0000000088800000| Untracked 
|  87|0x0000000088900000, 0x0000000088900000, 0x0000000088a00000|  0%| F|  |TAMS 0x0000000088900000, 0x0000000088900000| Untracked 
|  88|0x0000000088a00000, 0x0000000088a00000, 0x0000000088b00000|  0%| F|  |TAMS 0x0000000088a00000, 0x0000000088a00000| Untracked 
|  89|0x0000000088b00000, 0x0000000088b00000, 0x0000000088c00000|  0%| F|  |TAMS 0x0000000088b00000, 0x0000000088b00000| Untracked 
|  90|0x0000000088c00000, 0x0000000088c00000, 0x0000000088d00000|  0%| F|  |TAMS 0x0000000088c00000, 0x0000000088c00000| Untracked 
|  91|0x0000000088d00000, 0x0000000088d00000, 0x0000000088e00000|  0%| F|  |TAMS 0x0000000088d00000, 0x0000000088d00000| Untracked 
|  92|0x0000000088e00000, 0x0000000088e00000, 0x0000000088f00000|  0%| F|  |TAMS 0x0000000088e00000, 0x0000000088e00000| Untracked 
|  93|0x0000000088f00000, 0x0000000088f00000, 0x0000000089000000|  0%| F|  |TAMS 0x0000000088f00000, 0x0000000088f00000| Untracked 
|  94|0x0000000089000000, 0x0000000089000000, 0x0000000089100000|  0%| F|  |TAMS 0x0000000089000000, 0x0000000089000000| Untracked 
|  95|0x0000000089100000, 0x0000000089100000, 0x0000000089200000|  0%| F|  |TAMS 0x0000000089100000, 0x0000000089100000| Untracked 
|  96|0x0000000089200000, 0x0000000089200000, 0x0000000089300000|  0%| F|  |TAMS 0x0000000089200000, 0x0000000089200000| Untracked 
|  97|0x0000000089300000, 0x0000000089300000, 0x0000000089400000|  0%| F|  |TAMS 0x0000000089300000, 0x0000000089300000| Untracked 
|  98|0x0000000089400000, 0x0000000089400000, 0x0000000089500000|  0%| F|  |TAMS 0x0000000089400000, 0x0000000089400000| Untracked 
|  99|0x0000000089500000, 0x0000000089500000, 0x0000000089600000|  0%| F|  |TAMS 0x0000000089500000, 0x0000000089500000| Untracked 
| 100|0x0000000089600000, 0x0000000089600000, 0x0000000089700000|  0%| F|  |TAMS 0x0000000089600000, 0x0000000089600000| Untracked 
| 101|0x0000000089700000, 0x0000000089700000, 0x0000000089800000|  0%| F|  |TAMS 0x0000000089700000, 0x0000000089700000| Untracked 
| 102|0x0000000089800000, 0x0000000089800000, 0x0000000089900000|  0%| F|  |TAMS 0x0000000089800000, 0x0000000089800000| Untracked 
| 103|0x0000000089900000, 0x0000000089900000, 0x0000000089a00000|  0%| F|  |TAMS 0x0000000089900000, 0x0000000089900000| Untracked 
| 104|0x0000000089a00000, 0x0000000089a00000, 0x0000000089b00000|  0%| F|  |TAMS 0x0000000089a00000, 0x0000000089a00000| Untracked 
| 105|0x0000000089b00000, 0x0000000089b00000, 0x0000000089c00000|  0%| F|  |TAMS 0x0000000089b00000, 0x0000000089b00000| Untracked 
| 106|0x0000000089c00000, 0x0000000089c00000, 0x0000000089d00000|  0%| F|  |TAMS 0x0000000089c00000, 0x0000000089c00000| Untracked 
| 107|0x0000000089d00000, 0x0000000089d00000, 0x0000000089e00000|  0%| F|  |TAMS 0x0000000089d00000, 0x0000000089d00000| Untracked 
| 108|0x0000000089e00000, 0x0000000089e00000, 0x0000000089f00000|  0%| F|  |TAMS 0x0000000089e00000, 0x0000000089e00000| Untracked 
| 109|0x0000000089f00000, 0x0000000089f00000, 0x000000008a000000|  0%| F|  |TAMS 0x0000000089f00000, 0x0000000089f00000| Untracked 
| 110|0x000000008a000000, 0x000000008a000000, 0x000000008a100000|  0%| F|  |TAMS 0x000000008a000000, 0x000000008a000000| Untracked 
| 111|0x000000008a100000, 0x000000008a100000, 0x000000008a200000|  0%| F|  |TAMS 0x000000008a100000, 0x000000008a100000| Untracked 
| 112|0x000000008a200000, 0x000000008a200000, 0x000000008a300000|  0%| F|  |TAMS 0x000000008a200000, 0x000000008a200000| Untracked 
| 113|0x000000008a300000, 0x000000008a300000, 0x000000008a400000|  0%| F|  |TAMS 0x000000008a300000, 0x000000008a300000| Untracked 
| 114|0x000000008a400000, 0x000000008a400000, 0x000000008a500000|  0%| F|  |TAMS 0x000000008a400000, 0x000000008a400000| Untracked 
| 115|0x000000008a500000, 0x000000008a500000, 0x000000008a600000|  0%| F|  |TAMS 0x000000008a500000, 0x000000008a500000| Untracked 
| 116|0x000000008a600000, 0x000000008a600000, 0x000000008a700000|  0%| F|  |TAMS 0x000000008a600000, 0x000000008a600000| Untracked 
| 117|0x000000008a700000, 0x000000008a700000, 0x000000008a800000|  0%| F|  |TAMS 0x000000008a700000, 0x000000008a700000| Untracked 
| 118|0x000000008a800000, 0x000000008a800000, 0x000000008a900000|  0%| F|  |TAMS 0x000000008a800000, 0x000000008a800000| Untracked 
| 119|0x000000008a900000, 0x000000008a976458, 0x000000008aa00000| 46%| E|  |TAMS 0x000000008a900000, 0x000000008a900000| Complete 
| 120|0x000000008aa00000, 0x000000008ab00000, 0x000000008ab00000|100%| E|CS|TAMS 0x000000008aa00000, 0x000000008aa00000| Complete 
| 121|0x000000008ab00000, 0x000000008ac00000, 0x000000008ac00000|100%| E|CS|TAMS 0x000000008ab00000, 0x000000008ab00000| Complete 
| 122|0x000000008ac00000, 0x000000008ad00000, 0x000000008ad00000|100%| E|CS|TAMS 0x000000008ac00000, 0x000000008ac00000| Complete 
| 123|0x000000008ad00000, 0x000000008ae00000, 0x000000008ae00000|100%| E|CS|TAMS 0x000000008ad00000, 0x000000008ad00000| Complete 
| 124|0x000000008ae00000, 0x000000008af00000, 0x000000008af00000|100%| E|CS|TAMS 0x000000008ae00000, 0x000000008ae00000| Complete 
| 125|0x000000008af00000, 0x000000008b000000, 0x000000008b000000|100%| E|CS|TAMS 0x000000008af00000, 0x000000008af00000| Complete 

Card table byte_map: [0x000002016fcd0000,0x00000201700c0000] _byte_map_base: 0x000002016f8b7000

Marking Bits (Prev, Next): (CMBitMap*) 0x0000020158cdd640, (CMBitMap*) 0x0000020158cdd680
 Prev Bits: [0x00000201704b0000, 0x00000201723e8000)
 Next Bits: [0x00000201723f0000, 0x0000020174328000)

Polling page: 0x0000020158440000

Metaspace:

Usage:
  Non-class:      2.48 MB used.
      Class:    241.41 KB used.
       Both:      2.71 MB used.

Virtual space:
  Non-class space:       64.00 MB reserved,       2.56 MB (  4%) committed,  1 nodes.
      Class space:        1.00 GB reserved,     320.00 KB ( <1%) committed,  1 nodes.
             Both:        1.06 GB reserved,       2.88 MB ( <1%) committed. 

Chunk freelists:
   Non-Class:  3.72 MB
       Class:  3.70 MB
        Both:  7.42 MB

MaxMetaspaceSize: unlimited
CompressedClassSpaceSize: 1.00 GB
Initial GC threshold: 21.00 MB
Current GC threshold: 21.00 MB
CDS: on
MetaspaceReclaimPolicy: balanced
 - commit_granule_bytes: 65536.
 - commit_granule_words: 8192.
 - virtual_space_node_default_size: 8388608.
 - enlarge_chunks_in_place: 1.
 - new_chunks_are_fully_committed: 0.
 - uncommit_free_chunks: 1.
 - use_allocation_guard: 0.


Internal statistics:

num_allocs_failed_limit: 0.
num_arena_births: 30.
num_arena_deaths: 0.
num_vsnodes_births: 2.
num_vsnodes_deaths: 0.
num_space_committed: 46.
num_space_uncommitted: 0.
num_chunks_returned_to_freelist: 0.
num_chunks_taken_from_freelist: 46.
num_chunk_merges: 0.
num_chunk_splits: 30.
num_chunks_enlarged: 23.
num_inconsistent_stats: 0.

CodeHeap 'non-profiled nmethods': size=120000Kb used=172Kb max_used=172Kb free=119827Kb
 bounds [0x0000020168080000, 0x00000201682f0000, 0x000002016f5b0000]
CodeHeap 'profiled nmethods': size=120000Kb used=885Kb max_used=885Kb free=119114Kb
 bounds [0x0000020160b50000, 0x0000020160dc0000, 0x0000020168080000]
CodeHeap 'non-nmethods': size=5760Kb used=1225Kb max_used=1242Kb free=4534Kb
 bounds [0x00000201605b0000, 0x0000020160820000, 0x0000020160b50000]
 total_blobs=981 nmethods=561 adapters=333
 compilation: enabled
              stopped_count=0, restarted_count=0
 full_count=0

Compilation events (20 events):
Event: 774.150 Thread 0x0000020176d3c070 nmethod 558 0x0000020160c2c090 code [0x0000020160c2c240, 0x0000020160c2c4d8]
Event: 774.150 Thread 0x0000020176d3c070  556       3       org.eclipse.jdt.launching.internal.org.objectweb.asm.SymbolTable::addConstantUtf8 (20 bytes)
Event: 774.154 Thread 0x0000020176d3b780 

Event: 774.154 Thread 0x0000020176d3b780  559       4       java.lang.String::charAt (25 bytes)
Event: 774.154 Thread 0x0000020176d3c070 

Event: 774.154 Thread 0x0000020176d3c070  560       1       org.eclipse.jdt.launching.internal.org.objectweb.asm.SymbolTable::getMajorVersion (5 bytes)
Event: 774.154 Thread 0x0000020176d3c070 nmethod 560 0x00000201680aa510 code [0x00000201680aa6a0, 0x00000201680aa778]
Event: 774.155 Thread 0x0000020176d3b780 nmethod 559 0x00000201680aa810 code [0x00000201680aa9a0, 0x00000201680aaac8]
Event: 3360.468 Thread 0x0000020176d3c070  561       1       org.eclipse.jdt.launching.internal.org.objectweb.asm.SymbolTable::getSource (5 bytes)
Event: 3360.468 Thread 0x0000020176d3c070 nmethod 561 0x00000201680aac10 code [0x00000201680aada0, 0x00000201680aae78]
Event: 3378.721 Thread 0x0000020176d3c070  562       1       java.security.ProtectionDomain::getCodeSource (5 bytes)
Event: 3378.721 Thread 0x0000020176d3c070 nmethod 562 0x00000201680aaf10 code [0x00000201680ab0a0, 0x00000201680ab178]
Event: 3378.721 Thread 0x0000020176d3c070  563       3       org.eclipse.jdt.launching.internal.org.objectweb.asm.ByteVector::putShort (52 bytes)
Event: 3378.721 Thread 0x0000020176d3c070 nmethod 563 0x0000020160c2c610 code [0x0000020160c2c7c0, 0x0000020160c2c9c8]
Event: 3378.722 Thread 0x0000020176d3c070  564       3       org.eclipse.jdt.launching.internal.org.objectweb.asm.SymbolTable::get (13 bytes)
Event: 3378.722 Thread 0x0000020176d3c070 nmethod 564 0x0000020160c2cb10 code [0x0000020160c2cca0, 0x0000020160c2cdf8]
Event: 3649.623 Thread 0x0000020176d3c070  565       3       org.eclipse.jdt.launching.internal.org.objectweb.asm.SymbolTable::addConstantUtf8 (20 bytes)
Event: 3649.624 Thread 0x0000020176d3c070 nmethod 565 0x0000020160c2cf10 code [0x0000020160c2d0e0, 0x0000020160c2d3a8]
Event: 3649.624 Thread 0x0000020176d3c070  566       3       org.eclipse.jdt.launching.internal.org.objectweb.asm.SymbolTable::addConstantUtf8 (98 bytes)
Event: 3649.629 Thread 0x0000020176d3c070 


GC Heap History (0 events):
No events

Deoptimization events (20 events):
Event: 0.729 Thread 0x0000020158c7e520 DEOPT PACKING pc=0x0000020160c13a5c sp=0x0000005507efbb70
Event: 0.729 Thread 0x0000020158c7e520 DEOPT UNPACKING pc=0x0000020160606763 sp=0x0000005507efafd8 mode 0
Event: 0.729 Thread 0x0000020158c7e520 DEOPT PACKING pc=0x0000020160c13a5c sp=0x0000005507efbb70
Event: 0.729 Thread 0x0000020158c7e520 DEOPT UNPACKING pc=0x0000020160606763 sp=0x0000005507efafd8 mode 0
Event: 0.729 Thread 0x0000020158c7e520 DEOPT PACKING pc=0x0000020160c13b34 sp=0x0000005507efbb70
Event: 0.729 Thread 0x0000020158c7e520 DEOPT UNPACKING pc=0x0000020160606763 sp=0x0000005507efafd8 mode 0
Event: 0.732 Thread 0x0000020158c7e520 DEOPT PACKING pc=0x0000020160c13b34 sp=0x0000005507efbaa0
Event: 0.732 Thread 0x0000020158c7e520 DEOPT UNPACKING pc=0x0000020160606763 sp=0x0000005507efaf08 mode 0
Event: 0.734 Thread 0x0000020158c7e520 DEOPT PACKING pc=0x0000020160c13b34 sp=0x0000005507efbb70
Event: 0.734 Thread 0x0000020158c7e520 DEOPT UNPACKING pc=0x0000020160606763 sp=0x0000005507efafd8 mode 0
Event: 0.734 Thread 0x0000020158c7e520 DEOPT PACKING pc=0x0000020160c13b34 sp=0x0000005507efbb70
Event: 0.734 Thread 0x0000020158c7e520 DEOPT UNPACKING pc=0x0000020160606763 sp=0x0000005507efafd8 mode 0
Event: 0.739 Thread 0x0000020158c7e520 DEOPT PACKING pc=0x0000020160c13a5c sp=0x0000005507ef7d10
Event: 0.740 Thread 0x0000020158c7e520 DEOPT UNPACKING pc=0x0000020160606763 sp=0x0000005507ef7178 mode 0
Event: 0.740 Thread 0x0000020158c7e520 DEOPT PACKING pc=0x0000020160c13a5c sp=0x0000005507ef7d10
Event: 0.740 Thread 0x0000020158c7e520 DEOPT UNPACKING pc=0x0000020160606763 sp=0x0000005507ef7178 mode 0
Event: 0.740 Thread 0x0000020158c7e520 DEOPT PACKING pc=0x0000020160c13a5c sp=0x0000005507ef7d10
Event: 0.740 Thread 0x0000020158c7e520 DEOPT UNPACKING pc=0x0000020160606763 sp=0x0000005507ef7178 mode 0
Event: 0.740 Thread 0x0000020158c7e520 DEOPT PACKING pc=0x0000020160c13b34 sp=0x0000005507ef7d10
Event: 0.740 Thread 0x0000020158c7e520 DEOPT UNPACKING pc=0x0000020160606763 sp=0x0000005507ef7178 mode 0

Classes loaded (20 events):
Event: 0.696 Loading class jdk/internal/jimage/ImageBufferCache$1
Event: 0.696 Loading class jdk/internal/jimage/ImageBufferCache$1 done
Event: 0.696 Loading class jdk/internal/jimage/ImageBufferCache$2
Event: 0.696 Loading class jdk/internal/jimage/ImageBufferCache$2 done
Event: 0.696 Loading class java/util/AbstractMap$SimpleEntry
Event: 0.696 Loading class java/util/AbstractMap$SimpleEntry done
Event: 0.701 Loading class jdk/internal/loader/URLClassPath$FileLoader$1
Event: 0.702 Loading class jdk/internal/loader/URLClassPath$FileLoader$1 done
Event: 0.707 Loading class java/lang/AssertionError
Event: 0.707 Loading class java/lang/AssertionError done
Event: 0.712 Loading class java/lang/UnsupportedOperationException
Event: 0.712 Loading class java/lang/UnsupportedOperationException done
Event: 0.712 Loading class java/lang/TypeNotPresentException
Event: 0.712 Loading class java/lang/TypeNotPresentException done
Event: 0.727 Loading class java/lang/IndexOutOfBoundsException
Event: 0.727 Loading class java/lang/IndexOutOfBoundsException done
Event: 0.741 Loading class java/lang/IllegalStateException
Event: 0.742 Loading class java/lang/IllegalStateException done
Event: 6.153 Loading class java/util/ComparableTimSort
Event: 6.155 Loading class java/util/ComparableTimSort done

Classes unloaded (0 events):
No events

Classes redefined (8 events):
Event: 83.675 Thread 0x0000020158d035f0 redefined class name=compareandcomparabe.Student, count=1
Event: 251.351 Thread 0x0000020158d035f0 redefined class name=compareandcomparabe.Student, count=2
Event: 461.163 Thread 0x0000020158d035f0 redefined class name=compareandcomparabe.Student, count=3
Event: 774.151 Thread 0x0000020158d035f0 redefined class name=compareandcomparabe.Student, count=4
Event: 3360.469 Thread 0x0000020158d035f0 redefined class name=compareandcomparabe.Student, count=5
Event: 3378.722 Thread 0x0000020158d035f0 redefined class name=compareandcomparabe.TestEx1, count=1
Event: 3534.143 Thread 0x0000020158d035f0 redefined class name=compareandcomparabe.TestEx1, count=2
Event: 3649.625 Thread 0x0000020158d035f0 redefined class name=compareandcomparabe.Student, count=6

Internal exceptions (2 events):
Event: 0.685 Thread 0x0000020158c7e520 Exception <a 'java/lang/NoSuchMethodError'{0x000000008abe78e0}: 'void java.lang.invoke.DirectMethodHandle$Holder.invokeStatic(java.lang.Object, java.lang.Object, java.lang.Object)'> (0x000000008abe78e0) 
thrown [s\open\src\hotspot\share\interpreter\linkResolver.cpp, line 766]
Event: 0.687 Thread 0x0000020158c7e520 Exception <a 'java/lang/NoSuchMethodError'{0x000000008abfb960}: 'java.lang.Object java.lang.invoke.Invokers$Holder.invokeExact_MT(java.lang.Object, java.lang.Object, java.lang.Object, java.lang.Object, java.lang.Object)'> (0x000000008abfb960) 
thrown [s\open\src\hotspot\share\interpreter\linkResolver.cpp, line 766]

VM Operations (20 events):
Event: 3623.841 Executing VM operation: get/set locals
Event: 3623.841 Executing VM operation: get/set locals done
Event: 3623.841 Executing VM operation: get/set locals
Event: 3623.841 Executing VM operation: get/set locals done
Event: 3649.619 Executing VM operation: ChangeSingleStep
Event: 3649.620 Executing VM operation: ChangeSingleStep done
Event: 3649.620 Executing VM operation: ChangeSingleStep
Event: 3649.620 Executing VM operation: ChangeSingleStep done
Event: 3649.624 Executing VM operation: RedefineClasses
Event: 3649.628 Executing VM operation: RedefineClasses done
Event: 3649.637 Executing VM operation: ChangeBreakpoints
Event: 3649.637 Executing VM operation: ChangeBreakpoints done
Event: 3649.663 Executing VM operation: ChangeBreakpoints
Event: 3649.664 Executing VM operation: ChangeBreakpoints done
Event: 3649.667 Executing VM operation: ChangeSingleStep
Event: 3649.667 Executing VM operation: ChangeSingleStep done
Event: 3649.668 Executing VM operation: get/set locals
Event: 3649.668 Executing VM operation: get/set locals done
Event: 3649.670 Executing VM operation: ChangeSingleStep
Event: 3649.670 Executing VM operation: ChangeSingleStep done

Events (20 events):
Event: 0.052 Thread 0x0000020176d11550 Thread added: 0x0000020176d11550
Event: 0.067 Thread 0x0000020176d2bc70 Thread added: 0x0000020176d2bc70
Event: 0.067 Thread 0x0000020176d2c520 Thread added: 0x0000020176d2c520
Event: 0.067 Thread 0x0000020176d2ede0 Thread added: 0x0000020176d2ede0
Event: 0.067 Thread 0x0000020176d3aba0 Thread added: 0x0000020176d3aba0
Event: 0.067 Thread 0x0000020176d3b780 Thread added: 0x0000020176d3b780
Event: 0.068 Thread 0x0000020176d3c070 Thread added: 0x0000020176d3c070
Event: 0.068 Thread 0x0000020176d4e950 Thread added: 0x0000020176d4e950
Event: 0.116 Thread 0x0000020176cfaab0 Thread added: 0x0000020176cfaab0
Event: 0.166 Thread 0x000002017b10b9a0 Thread added: 0x000002017b10b9a0
Event: 0.167 Thread 0x000002017b155410 Thread added: 0x000002017b155410
Event: 0.167 Thread 0x000002017b1558f0 Thread added: 0x000002017b1558f0
Event: 0.449 Loaded shared library C:\Program Files\Java\jdk-18.0.1.1\bin\zip.dll
Event: 0.455 Loaded shared library C:\Program Files\Java\jdk-18.0.1.1\bin\instrument.dll
Event: 0.466 Loaded shared library C:\Program Files\Java\jdk-18.0.1.1\bin\net.dll
Event: 0.467 Loaded shared library C:\Program Files\Java\jdk-18.0.1.1\bin\nio.dll
Event: 0.473 Loaded shared library C:\Program Files\Java\jdk-18.0.1.1\bin\zip.dll
Event: 0.597 Loaded shared library C:\Program Files\Java\jdk-18.0.1.1\bin\jimage.dll
Event: 0.697 Thread 0x000002017b273ee0 Thread added: 0x000002017b273ee0
Event: 0.706 Loaded shared library C:\Program Files\Java\jdk-18.0.1.1\bin\verify.dll


Dynamic libraries:
0x00007ff790650000 - 0x00007ff790660000 	C:\Program Files\Java\jdk-18.0.1.1\bin\javaw.exe
0x00007ffa58bf0000 - 0x00007ffa58e07000 	C:\WINDOWS\SYSTEM32\ntdll.dll
0x00007ffa56f00000 - 0x00007ffa56fc4000 	C:\WINDOWS\System32\KERNEL32.DLL
0x00007ffa56190000 - 0x00007ffa56536000 	C:\WINDOWS\System32\KERNELBASE.dll
0x00007ffa56820000 - 0x00007ffa56931000 	C:\WINDOWS\System32\ucrtbase.dll
0x00007ffa2d5b0000 - 0x00007ffa2d5c8000 	C:\Program Files\Java\jdk-18.0.1.1\bin\jli.dll
0x00007ffa58520000 - 0x00007ffa585d1000 	C:\WINDOWS\System32\ADVAPI32.dll
0x00007ffa56c40000 - 0x00007ffa56ce7000 	C:\WINDOWS\System32\msvcrt.dll
0x00007ffa56e50000 - 0x00007ffa56ef5000 	C:\WINDOWS\System32\sechost.dll
0x00007ffa569b0000 - 0x00007ffa56ac7000 	C:\WINDOWS\System32\RPCRT4.dll
0x00007ffa58080000 - 0x00007ffa5822e000 	C:\WINDOWS\System32\USER32.dll
0x00007ffa567f0000 - 0x00007ffa56816000 	C:\WINDOWS\System32\win32u.dll
0x00007ffa585e0000 - 0x00007ffa58609000 	C:\WINDOWS\System32\GDI32.dll
0x00007ffa56070000 - 0x00007ffa56188000 	C:\WINDOWS\System32\gdi32full.dll
0x00007ffa55f60000 - 0x00007ffa55ffa000 	C:\WINDOWS\System32\msvcp_win.dll
0x00007ffa2d590000 - 0x00007ffa2d5aa000 	C:\Program Files\Java\jdk-18.0.1.1\bin\VCRUNTIME140.dll
0x00007ffa3adf0000 - 0x00007ffa3b083000 	C:\WINDOWS\WinSxS\amd64_microsoft.windows.common-controls_6595b64144ccf1df_6.0.22621.2506_none_270c5ae97388e100\COMCTL32.dll
0x00007ffa4eb40000 - 0x00007ffa4eb4a000 	C:\WINDOWS\SYSTEM32\VERSION.dll
0x00007ffa56fd0000 - 0x00007ffa57001000 	C:\WINDOWS\System32\IMM32.DLL
0x00007ffa2d580000 - 0x00007ffa2d58c000 	C:\Program Files\Java\jdk-18.0.1.1\bin\vcruntime140_1.dll
0x00007ffa27c50000 - 0x00007ffa27cdd000 	C:\Program Files\Java\jdk-18.0.1.1\bin\msvcp140.dll
0x00007ff9e4db0000 - 0x00007ff9e59c0000 	C:\Program Files\Java\jdk-18.0.1.1\bin\server\jvm.dll
0x00007ffa58610000 - 0x00007ffa58618000 	C:\WINDOWS\System32\PSAPI.DLL
0x00007ffa2d570000 - 0x00007ffa2d579000 	C:\WINDOWS\SYSTEM32\WSOCK32.dll
0x00007ffa4f090000 - 0x00007ffa4f0c4000 	C:\WINDOWS\SYSTEM32\WINMM.dll
0x00007ffa58230000 - 0x00007ffa582a1000 	C:\WINDOWS\System32\WS2_32.dll
0x00007ffa54f20000 - 0x00007ffa54f38000 	C:\WINDOWS\SYSTEM32\kernel.appcore.dll
0x00007ffa2d560000 - 0x00007ffa2d56a000 	C:\Program Files\Java\jdk-18.0.1.1\bin\jimage.dll
0x00007ffa537c0000 - 0x00007ffa539f3000 	C:\WINDOWS\SYSTEM32\DBGHELP.DLL
0x00007ffa58680000 - 0x00007ffa58a09000 	C:\WINDOWS\System32\combase.dll
0x00007ffa56d70000 - 0x00007ffa56e47000 	C:\WINDOWS\System32\OLEAUT32.dll
0x00007ffa4df40000 - 0x00007ffa4df72000 	C:\WINDOWS\SYSTEM32\dbgcore.DLL
0x00007ffa56770000 - 0x00007ffa567ea000 	C:\WINDOWS\System32\bcryptPrimitives.dll
0x00007ffa4ccc0000 - 0x00007ffa4ccfb000 	C:\Program Files\Java\jdk-18.0.1.1\bin\jdwp.dll
0x00007ffa51200000 - 0x00007ffa5120e000 	C:\Program Files\Java\jdk-18.0.1.1\bin\instrument.dll
0x00007ffa2d530000 - 0x00007ffa2d555000 	C:\Program Files\Java\jdk-18.0.1.1\bin\java.dll
0x00007ffa27b70000 - 0x00007ffa27c46000 	C:\Program Files\Java\jdk-18.0.1.1\bin\jsvml.dll
0x00007ffa57290000 - 0x00007ffa57aea000 	C:\WINDOWS\System32\SHELL32.dll
0x00007ffa53e30000 - 0x00007ffa54726000 	C:\WINDOWS\SYSTEM32\windows.storage.dll
0x00007ffa53cf0000 - 0x00007ffa53e2e000 	C:\WINDOWS\SYSTEM32\wintypes.dll
0x00007ffa57b00000 - 0x00007ffa57bf3000 	C:\WINDOWS\System32\SHCORE.dll
0x00007ffa58620000 - 0x00007ffa5867e000 	C:\WINDOWS\System32\shlwapi.dll
0x00007ffa55e90000 - 0x00007ffa55eb6000 	C:\WINDOWS\SYSTEM32\profapi.dll
0x00007ffa511d0000 - 0x00007ffa511dc000 	C:\Program Files\Java\jdk-18.0.1.1\bin\dt_socket.dll
0x00007ffa54990000 - 0x00007ffa549bd000 	C:\WINDOWS\SYSTEM32\IPHLPAPI.DLL
0x00007ffa553a0000 - 0x00007ffa55409000 	C:\WINDOWS\system32\mswsock.dll
0x00007ffa54a00000 - 0x00007ffa54af9000 	C:\WINDOWS\SYSTEM32\DNSAPI.dll
0x00007ffa584f0000 - 0x00007ffa584f9000 	C:\WINDOWS\System32\NSI.dll
0x00007ffa4c490000 - 0x00007ffa4c49a000 	C:\Windows\System32\rasadhlp.dll
0x00007ffa4c120000 - 0x00007ffa4c1a3000 	C:\WINDOWS\System32\fwpuclnt.dll
0x00007ffa4e720000 - 0x00007ffa4e738000 	C:\Program Files\Java\jdk-18.0.1.1\bin\zip.dll
0x00007ffa4f6d0000 - 0x00007ffa4f6e3000 	C:\Program Files\Java\jdk-18.0.1.1\bin\net.dll
0x00007ffa4d910000 - 0x00007ffa4da47000 	C:\WINDOWS\SYSTEM32\WINHTTP.dll
0x00007ffa4f6b0000 - 0x00007ffa4f6c6000 	C:\Program Files\Java\jdk-18.0.1.1\bin\nio.dll
0x00007ffa50010000 - 0x00007ffa50020000 	C:\Program Files\Java\jdk-18.0.1.1\bin\verify.dll

dbghelp: loaded successfully - version: 4.0.5 - missing functions: none
symbol engine: initialized successfully - sym options: 0x614 - pdb path: .;C:\Program Files\Java\jdk-18.0.1.1\bin;C:\WINDOWS\SYSTEM32;C:\WINDOWS\WinSxS\amd64_microsoft.windows.common-controls_6595b64144ccf1df_6.0.22621.2506_none_270c5ae97388e100;C:\Program Files\Java\jdk-18.0.1.1\bin\server

VM Arguments:
jvm_args: -XX:+ShowCodeDetailsInExceptionMessages -agentlib:jdwp=transport=dt_socket,suspend=y,address=localhost:50439 -javaagent:C:\Users\Naveen\eclipse\java-2023-06\eclipse\configuration\org.eclipse.osgi\248\0\.cp\lib\javaagent-shaded.jar -Dfile.encoding=windows-1252 
java_command: compareandcomparabe.TestEx1
java_class_path (initial): E:\WorkSpace3\learn\bin;C:\Users\Naveen\Downloads\mysql-connector-j-8.1.0\mysql-connector-j-8.1.0\mysql-connector-j-8.1.0.jar
Launcher Type: SUN_STANDARD

[Global flags]
     intx CICompilerCount                          = 4                                         {product} {ergonomic}
     uint ConcGCThreads                            = 2                                         {product} {ergonomic}
     uint G1ConcRefinementThreads                  = 8                                         {product} {ergonomic}
   size_t G1HeapRegionSize                         = 1048576                                   {product} {ergonomic}
    uintx GCDrainStackTargetSize                   = 64                                        {product} {ergonomic}
   size_t InitialHeapSize                          = 132120576                                 {product} {ergonomic}
   size_t MarkStackSize                            = 4194304                                   {product} {ergonomic}
   size_t MaxHeapSize                              = 2095054848                                {product} {ergonomic}
   size_t MaxNewSize                               = 1256194048                                {product} {ergonomic}
   size_t MinHeapDeltaBytes                        = 1048576                                   {product} {ergonomic}
   size_t MinHeapSize                              = 8388608                                   {product} {ergonomic}
    uintx NonNMethodCodeHeapSize                   = 5839372                                {pd product} {ergonomic}
    uintx NonProfiledCodeHeapSize                  = 122909434                              {pd product} {ergonomic}
    uintx ProfiledCodeHeapSize                     = 122909434                              {pd product} {ergonomic}
    uintx ReservedCodeCacheSize                    = 251658240                              {pd product} {ergonomic}
     bool SegmentedCodeCache                       = true                                      {product} {ergonomic}
     bool ShowCodeDetailsInExceptionMessages       = true                                   {manageable} {command line}
   size_t SoftMaxHeapSize                          = 2095054848                             {manageable} {ergonomic}
     bool UseCompressedClassPointers               = true                           {product lp64_product} {ergonomic}
     bool UseCompressedOops                        = true                           {product lp64_product} {ergonomic}
     bool UseG1GC                                  = true                                      {product} {ergonomic}
     bool UseLargePagesIndividualAllocation        = false                                  {pd product} {ergonomic}

Logging:
Log output configuration:
 #0: stdout all=warning uptime,level,tags foldmultilines=false
 #1: stderr all=off uptime,level,tags foldmultilines=false

Environment Variables:
PATH=F:\oracle\product\10.2.0\db_1\bin;C:\Program Files\Common Files\Oracle\Java\javapath;C:\WINDOWS\system32;C:\WINDOWS;C:\WINDOWS\System32\Wbem;C:\WINDOWS\System32\WindowsPowerShell\v1.0\;C:\WINDOWS\System32\OpenSSH\;C:\Program Files\Java\jre1.8.0_311\bin;C:\Program Files\Java\jdk-17.0.2\bin;C:\MinGW\bin;C:\Program Files\MySQL\MySQL Server 8.0\bin;C:\ProgramData\chocolatey\bin;C:\Program Files\MongoDB\Server\6.0\bin;C:\Users\Naveen\AppData\Roaming\nvm;C:\Program Files\nodejs;C:\Program Files\dotnet\;C:\Program Files\apache-maven-3.9.5-bin\apache-maven-3.9.5\bin;C:\Program Files\Git\cmd;C:\Program Files\MySQL\MySQL Shell 8.0\bin\;C:\Program Files\Java\jre1.8.0_311\bin;C:\Users\Naveen\AppData\Local\Microsoft\WindowsApps;C:\Program Files\Java\jdk-17.0.2\bin;C:\Program Files\JetBrains\IntelliJ IDEA 2022.3.1\bin;C:\Users\Naveen\AppData\Roaming\npm;C:\Users\Naveen\AppData\Local\Programs\Microsoft VS Code\bin;C:\Program Files\MongoDB\Server\6.0\bin;C:\Program Files\mongosh-1.9.1-win32-x64\mongosh-1.9.1-win32-x64\bin;C:\Users\Naveen\AppData\Roaming\nvm;C:\Program Files\nodejs;C:\Users\Naveen\AppData\Local\atom\bin
USERNAME=Naveen
OS=Windows_NT
PROCESSOR_IDENTIFIER=Intel64 Family 6 Model 126 Stepping 5, GenuineIntel



---------------  S Y S T E M  ---------------

OS:
 Windows 11 , 64 bit Build 22621 (10.0.22621.2506)
OS uptime: 8 days 22:26 hours
Hyper-V role detected

CPU: total 8 (initial active 8) (4 cores per cpu, 2 threads per core) family 6 model 126 stepping 5 microcode 0xa0, cx8, cmov, fxsr, ht, mmx, 3dnowpref, sse, sse2, sse3, ssse3, sse4.1, sse4.2, popcnt, lzcnt, tsc, tscinvbit, avx, avx2, aes, erms, clmul, bmi1, bmi2, adx, avx512f, avx512dq, avx512cd, avx512bw, avx512vl, sha, fma, vzeroupper, avx512_vpopcntdq, avx512_vpclmulqdq, avx512_vaes, avx512_vnni, clflush, clflushopt, avx512_vbmi2, avx512_vbmi, hv

Memory: 4k page, system-wide physical 7987M (1139M free)
TotalPageFile size 12083M (AvailPageFile size 1729M)
current process WorkingSet (physical memory assigned to process): 44M, peak: 48M
current process commit charge ("private bytes"): 212M, peak: 215M

vm_info: Java HotSpot(TM) 64-Bit Server VM (18.0.1.1+2-6) for windows-amd64 JRE (18.0.1.1+2-6), built on Apr 25 2022 21:53:15 by "mach5one" with MS VC++ 16.8 / 16.9 (VS2019)

END.
